<?xml version="1.0" encoding="UTF-8"?>
<!-- Generated by org.testng.reporters.JUnitReportReporter -->
<testsuite hostname="DESKTOP-H972F70" failures="0" tests="1" name="com.jtaf.w2a.testcases.BankManagerLoginTest" time="5.848" errors="0" timestamp="2023-02-11T14:18:28 IST" skipped="0">
  <testcase classname="com.jtaf.w2a.testcases.BankManagerLoginTest" name="bankManagerLoginTest" time="5.848"/>
  <system-out>
    <![CDATA[<br> Verification Failure : expected [XYZ Bank] but found [ABC Bank]<br>
<a target='_blank' href='D:\Environment_Collection\Eclipse_Env\Workspace\SeleniumDataDrivenFramework\src\test\resources\screenshots\success\11_02_2023_02_18_15.png'><img src='D:\Environment_Collection\Eclipse_Env\Workspace\SeleniumDataDrivenFramework\src\test\resources\screenshots\success\11_02_2023_02_18_15.png' height='100' width='100'/></a>
<br>
Logged in as Bank Manager is successful
<br>
bankManagerLoginTest Test Passed..!!
<br>
<a target='_blank' href='D:\Environment_Collection\Eclipse_Env\Workspace\SeleniumDataDrivenFramework\src\test\resources\screenshots\success\11_02_2023_02_18_21.png'><img src='D:\Environment_Collection\Eclipse_Env\Workspace\SeleniumDataDrivenFramework\src\test\resources\screenshots\success\11_02_2023_02_18_21.png' height='100' width='100'/></a>]]>
  </system-out>
</testsuite> <!-- com.jtaf.w2a.testcases.BankManagerLoginTest -->
